
Wed, 24 Jul 2019 19:54:57 GMT - Info - Server is running on port: 3000
Wed, 24 Jul 2019 19:55:49 GMT - Info - Server is running on port: 3000
Wed, 24 Jul 2019 19:59:45 GMT - Info - Server is running on port: 3000
Wed, 24 Jul 2019 20:11:47 GMT - Debug - auth.service - trying to login with username: TabathaEwing
Wed, 24 Jul 2019 20:25:05 GMT - Info - Server is running on port: 3000
Wed, 24 Jul 2019 20:25:11 GMT - Debug - auth.service - trying to login with username: TabathaEwing
Wed, 24 Jul 2019 20:56:39 GMT - Info - Server is running on port: 3000
Wed, 24 Jul 2019 20:58:00 GMT - Debug - auth.service - trying to login with username: TabathaEwing
Wed, 24 Jul 2019 21:05:18 GMT - Debug - auth.service - trying to login with username: TerriHolmes
Wed, 24 Jul 2019 21:05:55 GMT - Debug - auth.service - trying to login with username: AbbyDavid
Wed, 24 Jul 2019 21:14:05 GMT - Debug - auth.service - trying to login with username: AlbertaSkinner
Wed, 24 Jul 2019 21:15:41 GMT - Debug - auth.service - trying to login with username: CarolineAllison
Wed, 24 Jul 2019 21:19:43 GMT - Debug - auth.service - trying to login with username: AbbyDavid
Wed, 24 Jul 2019 21:20:02 GMT - Debug - auth.service - trying to login with username: ShepherdWitt
Wed, 24 Jul 2019 21:22:53 GMT - Debug - auth.service - trying to login with username: MartinezHopkins
Wed, 24 Jul 2019 21:23:28 GMT - Debug - auth.service - trying to login with username: VivianHoover
Wed, 24 Jul 2019 21:35:33 GMT - Info - Server is running on port: 3000
Wed, 24 Jul 2019 21:35:47 GMT - Info - Server is running on port: 3000
Wed, 24 Jul 2019 21:36:14 GMT - Info - Server is running on port: 3000
Wed, 24 Jul 2019 21:36:15 GMT - Info - Server is running on port: 3000
Wed, 24 Jul 2019 21:36:56 GMT - Debug - auth.service - trying to login with username: TabathaEwing
Wed, 24 Jul 2019 21:46:52 GMT - Info - Server is running on port: 3000
Wed, 24 Jul 2019 21:46:58 GMT - Info - Server is running on port: 3000
Wed, 24 Jul 2019 21:47:07 GMT - Info - Server is running on port: 3000
Wed, 24 Jul 2019 21:48:12 GMT - Info - Server is running on port: 3000
